2021-08-03 05:29:53.119  INFO [userservice,,] 7828 --- [main] i.c.userservice.UserserviceApplication   : Starting UserserviceApplication using Java 1.8.0_144 on vamsikrishna with PID 7828 (/home/vamsikrishna/eclipse/workspaces/microservices/userservice/target/classes started by vamsikrishna in /home/vamsikrishna/eclipse/workspaces/microservices/userservice)
2021-08-03 05:29:53.145  INFO [userservice,,] 7828 --- [main] i.c.userservice.UserserviceApplication   : No active profile set, falling back to default profiles: default
2021-08-03 05:29:53.318  INFO [userservice,,] 7828 --- [main] o.s.b.context.config.ConfigDataLoader    : Fetching config from server at : http://localhost:8012
2021-08-03 05:29:53.320  INFO [userservice,,] 7828 --- [main] o.s.b.context.config.ConfigDataLoader    : Connect Timeout Exception on Url - http://localhost:8012. Will be trying the next url if available
2021-08-03 05:29:53.321  WARN [userservice,,] 7828 --- [main] o.s.b.context.config.ConfigDataLoader    : Could not locate PropertySource ([ConfigServerConfigDataResource@59b38691 uris = array<String>['http://localhost:8012'], optional = true, profiles = list['default']]): I/O error on GET request for "http://localhost:8012/configserver/default": Connection refused (Connection refused); nested exception is java.net.ConnectException: Connection refused (Connection refused)
2021-08-03 05:29:56.316  INFO [userservice,,] 7828 --- [main] .s.d.r.c.RepositoryConfigurationDelegate : Bootstrapping Spring Data JPA repositories in DEFAULT mode.
2021-08-03 05:29:56.424  INFO [userservice,,] 7828 --- [main] .s.d.r.c.RepositoryConfigurationDelegate : Finished Spring Data repository scanning in 94 ms. Found 2 JPA repository interfaces.
2021-08-03 05:29:57.757  INFO [userservice,,] 7828 --- [main] o.s.cloud.context.scope.GenericScope     : BeanFactory id=414f3880-c4e5-3227-8b8c-5e78cdf451a8
2021-08-03 05:29:57.874  INFO [userservice,,] 7828 --- [main] faultConfiguringBeanFactoryPostProcessor : No bean named 'errorChannel' has been explicitly defined. Therefore, a default PublishSubscribeChannel will be created.
2021-08-03 05:29:57.895  INFO [userservice,,] 7828 --- [main] faultConfiguringBeanFactoryPostProcessor : No bean named 'integrationHeaderChannelRegistry' has been explicitly defined. Therefore, a default DefaultHeaderChannelRegistry will be created.
2021-08-03 05:29:58.423  INFO [userservice,,] 7828 --- [main] trationDelegate$BeanPostProcessorChecker : Bean 'org.springframework.cloud.stream.config.BindersHealthIndicatorAutoConfiguration' of type [org.springframework.cloud.stream.config.BindersHealthIndicatorAutoConfiguration] is not eligible for getting processed by all BeanPostProcessors (for example: not eligible for auto-proxying)
2021-08-03 05:29:58.463  INFO [userservice,,] 7828 --- [main] trationDelegate$BeanPostProcessorChecker : Bean 'bindersHealthContributor' of type [org.springframework.cloud.stream.config.BindersHealthIndicatorAutoConfiguration$BindersHealthContributor] is not eligible for getting processed by all BeanPostProcessors (for example: not eligible for auto-proxying)
2021-08-03 05:29:58.487  INFO [userservice,,] 7828 --- [main] trationDelegate$BeanPostProcessorChecker : Bean 'bindersHealthIndicatorListener' of type [org.springframework.cloud.stream.config.BindersHealthIndicatorAutoConfiguration$BindersHealthIndicatorListener] is not eligible for getting processed by all BeanPostProcessors (for example: not eligible for auto-proxying)
2021-08-03 05:29:58.536  INFO [userservice,,] 7828 --- [main] trationDelegate$BeanPostProcessorChecker : Bean 'org.springframework.integration.config.IntegrationManagementConfiguration' of type [org.springframework.integration.config.IntegrationManagementConfiguration] is not eligible for getting processed by all BeanPostProcessors (for example: not eligible for auto-proxying)
2021-08-03 05:29:58.561  INFO [userservice,,] 7828 --- [main] trationDelegate$BeanPostProcessorChecker : Bean 'integrationChannelResolver' of type [org.springframework.integration.support.channel.BeanFactoryChannelResolver] is not eligible for getting processed by all BeanPostProcessors (for example: not eligible for auto-proxying)
2021-08-03 05:29:58.568  INFO [userservice,,] 7828 --- [main] trationDelegate$BeanPostProcessorChecker : Bean 'integrationDisposableAutoCreatedBeans' of type [org.springframework.integration.config.annotation.Disposables] is not eligible for getting processed by all BeanPostProcessors (for example: not eligible for auto-proxying)
2021-08-03 05:29:59.557  INFO [userservice,,] 7828 --- [main] o.s.b.w.embedded.tomcat.TomcatWebServer  : Tomcat initialized with port(s): 0 (http)
2021-08-03 05:29:59.792  INFO [userservice,,] 7828 --- [main] w.s.c.ServletWebServerApplicationContext : Root WebApplicationContext: initialization completed in 6468 ms
2021-08-03 05:30:00.205  INFO [userservice,,] 7828 --- [main] com.zaxxer.hikari.HikariDataSource       : HikariPool-1 - Starting...
2021-08-03 05:30:00.407  INFO [userservice,,] 7828 --- [main] com.zaxxer.hikari.HikariDataSource       : HikariPool-1 - Start completed.
2021-08-03 05:30:00.417  INFO [userservice,,] 7828 --- [main] o.s.b.a.h2.H2ConsoleAutoConfiguration    : H2 console available at '/h2-console'. Database available at 'jdbc:h2:mem:testdb'
2021-08-03 05:30:01.084  WARN [userservice,,] 7828 --- [main] o.s.c.s.a.z.ZipkinAutoConfiguration      : Check result of the [RestTemplateSender{http://localhost:9411/api/v2/spans}] contains an error [CheckResult{ok=false, error=org.springframework.web.client.ResourceAccessException: I/O error on POST request for "http://localhost:9411/api/v2/spans": Connection refused (Connection refused); nested exception is java.net.ConnectException: Connection refused (Connection refused)}]
